<?xml version="1.0" encoding="UTF-8"?>
<!-- Generated by org.testng.reporters.JUnitReportReporter -->
<testsuite skipped="0" hostname="sagitec-0175" name="com.swaglabs.testCases.TC_LogIn_001" tests="1" failures="0" timestamp="2020-02-08T20:12:54 PST" time="1.616" errors="0">
  <testcase name="loginTest" time="1.616" classname="com.swaglabs.testCases.TC_LogIn_001"/>
  <system-out/>
</testsuite> <!-- com.swaglabs.testCases.TC_LogIn_001 -->
